TN:
SF:src\hooks\useResponsive.ts
FN:18,useResponsive
FN:37,useMessagePadding
FNF:2
FNH:2
FNDA:15,useResponsive
FNDA:2,useMessagePadding
DA:6,1
DA:7,1
DA:18,1
DA:19,15
DA:21,15
DA:22,15
DA:23,15
DA:25,15
DA:27,15
DA:37,1
DA:38,2
DA:39,2
LF:12
LH:12
BRDA:22,0,0,15
BRDA:22,0,1,9
BRDA:25,1,0,6
BRDA:25,1,1,9
BRDA:25,2,0,4
BRDA:25,2,1,5
BRDA:39,3,0,1
BRDA:39,3,1,1
BRF:8
BRH:8
end_of_record
TN:
SF:src\services\api.ts
FN:37,(anonymous_0)
FN:41,(anonymous_1)
FN:84,(anonymous_2)
FN:91,(anonymous_3)
FN:118,(anonymous_4)
FN:145,(anonymous_5)
FN:167,(anonymous_6)
FN:171,(anonymous_7)
FN:179,(anonymous_8)
FN:187,(anonymous_9)
FN:196,(anonymous_10)
FN:200,(anonymous_11)
FN:207,(anonymous_12)
FN:214,(anonymous_13)
FN:218,(anonymous_14)
FN:223,(anonymous_15)
FN:242,(anonymous_16)
FN:250,(anonymous_17)
FN:254,(anonymous_18)
FN:262,(anonymous_19)
FN:271,(anonymous_20)
FN:275,(anonymous_21)
FN:280,(anonymous_22)
FN:286,(anonymous_23)
FN:290,(anonymous_24)
FN:297,(anonymous_25)
FN:301,(anonymous_26)
FN:306,(anonymous_27)
FN:314,(anonymous_28)
FN:322,(anonymous_29)
FN:331,(anonymous_30)
FN:352,(anonymous_31)
FN:360,(anonymous_32)
FN:374,(anonymous_33)
FN:383,(anonymous_34)
FN:392,(anonymous_35)
FN:401,(anonymous_36)
FNF:37
FNH:27
FNDA:1,(anonymous_0)
FNDA:36,(anonymous_1)
FNDA:1,(anonymous_2)
FNDA:3,(anonymous_3)
FNDA:1,(anonymous_4)
FNDA:2,(anonymous_5)
FNDA:1,(anonymous_6)
FNDA:1,(anonymous_7)
FNDA:1,(anonymous_8)
FNDA:1,(anonymous_9)
FNDA:8,(anonymous_10)
FNDA:1,(anonymous_11)
FNDA:1,(anonymous_12)
FNDA:1,(anonymous_13)
FNDA:0,(anonymous_14)
FNDA:2,(anonymous_15)
FNDA:0,(anonymous_16)
FNDA:1,(anonymous_17)
FNDA:1,(anonymous_18)
FNDA:2,(anonymous_19)
FNDA:0,(anonymous_20)
FNDA:0,(anonymous_21)
FNDA:0,(anonymous_22)
FNDA:0,(anonymous_23)
FNDA:0,(anonymous_24)
FNDA:0,(anonymous_25)
FNDA:0,(anonymous_26)
FNDA:0,(anonymous_27)
FNDA:1,(anonymous_28)
FNDA:2,(anonymous_29)
FNDA:2,(anonymous_30)
FNDA:1,(anonymous_31)
FNDA:1,(anonymous_32)
FNDA:1,(anonymous_33)
FNDA:1,(anonymous_34)
FNDA:2,(anonymous_35)
FNDA:1,(anonymous_36)
DA:1,1
DA:8,1
DA:38,1
DA:42,36
DA:43,36
DA:45,36
DA:51,36
DA:52,30
DA:53,30
DA:54,29
DA:58,36
DA:64,36
DA:66,3
DA:67,3
DA:69,1
DA:70,1
DA:71,1
DA:72,1
DA:73,0
DA:75,1
DA:78,2
DA:79,2
DA:83,33
DA:84,2
DA:85,2
DA:88,31
DA:92,3
DA:93,3
DA:95,2
DA:96,2
DA:102,2
DA:103,1
DA:105,1
DA:106,1
DA:107,1
DA:111,0
DA:114,1
DA:119,1
DA:137,1
DA:146,2
DA:159,2
DA:168,1
DA:172,1
DA:180,1
DA:188,1
DA:197,8
DA:201,1
DA:208,1
DA:215,1
DA:219,0
DA:224,2
DA:225,2
DA:226,2
DA:227,2
DA:228,2
DA:230,2
DA:239,2
DA:243,0
DA:247,0
DA:251,1
DA:255,1
DA:259,1
DA:263,2
DA:267,2
DA:272,0
DA:276,0
DA:277,0
DA:281,0
DA:282,0
DA:287,0
DA:291,0
DA:298,0
DA:302,0
DA:303,0
DA:307,0
DA:315,1
DA:319,1
DA:323,2
DA:327,2
DA:337,2
DA:338,2
DA:339,2
DA:340,2
DA:341,2
DA:342,2
DA:344,2
DA:348,2
DA:353,1
DA:357,1
DA:361,1
DA:371,1
DA:375,1
DA:379,1
DA:384,1
DA:388,1
DA:393,2
DA:394,2
DA:398,2
DA:406,1
DA:407,1
DA:408,1
DA:409,1
DA:410,1
DA:412,1
DA:416,1
DA:420,1
LF:106
LH:90
BRDA:8,0,0,1
BRDA:8,0,1,1
BRDA:41,1,0,23
BRDA:42,2,0,30
BRDA:51,3,0,30
BRDA:51,3,1,6
BRDA:53,4,0,29
BRDA:53,4,1,1
BRDA:64,5,0,3
BRDA:64,5,1,33
BRDA:64,6,0,36
BRDA:64,6,1,3
BRDA:67,7,0,1
BRDA:67,7,1,2
BRDA:72,8,0,0
BRDA:72,8,1,1
BRDA:83,9,0,2
BRDA:83,9,1,31
BRDA:85,10,0,2
BRDA:85,10,1,1
BRDA:93,11,0,1
BRDA:93,11,1,2
BRDA:102,12,0,1
BRDA:102,12,1,1
BRDA:105,13,0,1
BRDA:105,13,1,0
BRDA:225,14,0,1
BRDA:225,14,1,1
BRDA:226,15,0,1
BRDA:226,15,1,1
BRDA:227,16,0,1
BRDA:227,16,1,1
BRDA:238,17,0,1
BRDA:238,17,1,1
BRDA:277,18,0,0
BRDA:277,18,1,0
BRDA:282,19,0,0
BRDA:282,19,1,0
BRDA:303,20,0,0
BRDA:303,20,1,0
BRDA:322,21,0,1
BRDA:338,22,0,1
BRDA:338,22,1,1
BRDA:338,23,0,2
BRDA:338,23,1,2
BRDA:339,24,0,1
BRDA:339,24,1,1
BRDA:340,25,0,2
BRDA:340,25,1,0
BRDA:341,26,0,2
BRDA:341,26,1,0
BRDA:347,27,0,2
BRDA:347,27,1,0
BRDA:393,28,0,1
BRDA:393,28,1,1
BRDA:407,29,0,1
BRDA:407,29,1,0
BRDA:408,30,0,1
BRDA:408,30,1,0
BRDA:409,31,0,1
BRDA:409,31,1,0
BRDA:415,32,0,1
BRDA:415,32,1,0
BRF:63
BRH:48
end_of_record
TN:
SF:src\store\useAuthStore.ts
FN:31,(anonymous_1)
FN:38,(anonymous_2)
FN:40,(anonymous_3)
FN:42,(anonymous_4)
FN:49,(anonymous_5)
FN:51,(anonymous_6)
FN:53,(anonymous_7)
FN:60,(anonymous_8)
FN:61,(anonymous_9)
FN:67,(anonymous_10)
FN:67,(anonymous_11)
FN:70,(anonymous_12)
FNF:12
FNH:11
FNDA:1,(anonymous_1)
FNDA:6,(anonymous_2)
FNDA:4,(anonymous_3)
FNDA:2,(anonymous_4)
FNDA:3,(anonymous_5)
FNDA:1,(anonymous_6)
FNDA:1,(anonymous_7)
FNDA:1,(anonymous_8)
FNDA:26,(anonymous_9)
FNDA:1,(anonymous_10)
FNDA:1,(anonymous_11)
FNDA:0,(anonymous_12)
DA:1,1
DA:2,1
DA:3,1
DA:29,1
DA:31,1
DA:38,6
DA:40,4
DA:42,2
DA:49,3
DA:53,1
DA:54,1
DA:60,1
DA:61,26
DA:67,1
DA:70,1
DA:71,0
LF:16
LH:15
BRF:0
BRH:0
end_of_record
TN:
SF:src\store\useBalanceStore.ts
FN:109,(anonymous_0)
FN:112,(anonymous_1)
FN:121,(anonymous_2)
FN:151,(anonymous_3)
FN:182,(anonymous_4)
FN:194,(anonymous_5)
FN:204,(anonymous_6)
FN:210,(anonymous_7)
FN:237,(anonymous_8)
FN:267,(anonymous_9)
FN:276,(anonymous_10)
FN:285,(anonymous_11)
FN:297,(anonymous_12)
FN:302,(anonymous_13)
FN:311,(anonymous_14)
FN:335,(anonymous_15)
FN:342,(anonymous_16)
FN:356,(anonymous_17)
FNF:18
FNH:18
FNDA:1,(anonymous_0)
FNDA:6,(anonymous_1)
FNDA:11,(anonymous_2)
FNDA:3,(anonymous_3)
FNDA:2,(anonymous_4)
FNDA:7,(anonymous_5)
FNDA:1,(anonymous_6)
FNDA:6,(anonymous_7)
FNDA:3,(anonymous_8)
FNDA:3,(anonymous_9)
FNDA:2,(anonymous_10)
FNDA:3,(anonymous_11)
FNDA:30,(anonymous_12)
FNDA:3,(anonymous_13)
FNDA:4,(anonymous_14)
FNDA:3,(anonymous_15)
FNDA:2,(anonymous_16)
FNDA:1,(anonymous_17)
DA:1,1
DA:2,1
DA:79,1
DA:80,1
DA:82,1
DA:109,1
DA:113,6
DA:114,6
DA:115,4
DA:117,2
DA:122,11
DA:124,11
DA:125,1
DA:127,10
DA:130,11
DA:131,11
DA:138,10
DA:145,1
DA:147,11
DA:155,3
DA:157,3
DA:159,1
DA:161,1
DA:162,1
DA:163,1
DA:170,1
DA:176,0
DA:178,1
DA:183,2
DA:184,2
DA:185,2
DA:191,2
DA:195,7
DA:196,7
DA:197,7
DA:198,6
DA:200,1
DA:205,1
DA:206,1
DA:207,1
DA:211,6
DA:212,1
DA:214,5
DA:217,6
DA:218,6
DA:224,5
DA:231,1
DA:233,6
DA:241,3
DA:243,3
DA:245,1
DA:247,1
DA:248,1
DA:249,1
DA:255,1
DA:261,0
DA:263,1
DA:268,3
DA:269,3
DA:270,2
DA:272,1
DA:277,2
DA:278,2
DA:279,2
DA:281,2
DA:286,3
DA:287,3
DA:289,3
DA:290,32
DA:291,32
DA:292,2
DA:293,1
DA:295,2
DA:297,30
DA:299,1
DA:303,3
DA:304,3
DA:305,2
DA:307,1
DA:312,4
DA:313,4
DA:315,3
DA:317,3
DA:319,0
DA:320,0
DA:322,2
DA:323,2
DA:325,2
DA:327,1
DA:328,1
DA:330,1
DA:331,1
DA:336,3
DA:343,2
DA:344,2
DA:345,2
DA:352,2
DA:357,1
LF:98
LH:94
BRDA:121,0,0,10
BRDA:124,1,0,1
BRDA:124,1,1,10
BRDA:139,2,0,10
BRDA:139,2,1,1
BRDA:142,3,0,10
BRDA:142,3,1,6
BRDA:157,4,0,2
BRDA:157,4,1,1
BRDA:157,5,0,3
BRDA:157,5,1,2
BRDA:171,6,0,1
BRDA:171,6,1,0
BRDA:173,7,0,1
BRDA:173,7,1,0
BRDA:195,8,0,7
BRDA:195,8,1,5
BRDA:198,9,0,6
BRDA:198,9,1,1
BRDA:210,10,0,5
BRDA:211,11,0,1
BRDA:211,11,1,5
BRDA:225,12,0,5
BRDA:225,12,1,0
BRDA:228,13,0,5
BRDA:228,13,1,2
BRDA:243,14,0,2
BRDA:243,14,1,1
BRDA:243,15,0,3
BRDA:243,15,1,2
BRDA:256,16,0,1
BRDA:256,16,1,0
BRDA:258,17,0,1
BRDA:258,17,1,0
BRDA:291,18,0,2
BRDA:291,18,1,30
BRDA:292,19,0,1
BRDA:292,19,1,1
BRDA:313,20,0,1
BRDA:313,20,1,3
BRDA:317,21,0,0
BRDA:317,21,1,2
BRDA:317,21,2,1
BRDA:322,22,0,2
BRDA:322,22,1,0
BRDA:327,23,0,1
BRDA:327,23,1,0
BRDA:338,24,0,3
BRDA:338,24,1,1
BRF:49
BRH:41
end_of_record
TN:
SF:src\store\useChatStore.ts
FN:40,(anonymous_0)
FN:47,(anonymous_1)
FN:49,(anonymous_2)
FN:49,(anonymous_3)
FN:53,(anonymous_4)
FN:53,(anonymous_5)
FN:54,(anonymous_6)
FN:58,(anonymous_7)
FN:60,(anonymous_8)
FN:60,(anonymous_9)
FN:64,(anonymous_10)
FN:64,(anonymous_11)
FN:71,(anonymous_12)
FN:71,(anonymous_13)
FN:74,(anonymous_14)
FN:80,(anonymous_15)
FN:82,(anonymous_16)
FN:84,(anonymous_17)
FNF:18
FNH:18
FNDA:1,(anonymous_0)
FNDA:6,(anonymous_1)
FNDA:1,(anonymous_2)
FNDA:1,(anonymous_3)
FNDA:3,(anonymous_4)
FNDA:3,(anonymous_5)
FNDA:7,(anonymous_6)
FNDA:6,(anonymous_7)
FNDA:5,(anonymous_8)
FNDA:5,(anonymous_9)
FNDA:2,(anonymous_10)
FNDA:2,(anonymous_11)
FNDA:2,(anonymous_12)
FNDA:2,(anonymous_13)
FNDA:4,(anonymous_14)
FNDA:1,(anonymous_15)
FNDA:1,(anonymous_16)
FNDA:1,(anonymous_17)
DA:1,1
DA:40,1
DA:47,6
DA:49,1
DA:53,3
DA:54,7
DA:58,6
DA:60,5
DA:64,2
DA:71,2
DA:75,4
DA:80,1
DA:82,1
DA:84,1
LF:14
LH:14
BRDA:55,0,0,1
BRDA:55,0,1,2
BRDA:67,1,0,2
BRDA:67,1,1,1
BRDA:74,2,0,2
BRDA:74,2,1,0
BRDA:75,3,0,2
BRDA:75,3,1,2
BRF:8
BRH:7
end_of_record
TN:
SF:src\store\useMessageStore.ts
FN:58,(anonymous_0)
FN:62,(anonymous_1)
FN:96,(anonymous_2)
FN:128,(anonymous_3)
FN:138,(anonymous_4)
FN:140,(anonymous_5)
FN:148,(anonymous_6)
FN:160,(anonymous_7)
FN:169,(anonymous_8)
FN:187,(anonymous_9)
FN:196,(anonymous_10)
FN:204,(anonymous_11)
FN:209,(anonymous_12)
FNF:13
FNH:13
FNDA:1,(anonymous_0)
FNDA:8,(anonymous_1)
FNDA:4,(anonymous_2)
FNDA:2,(anonymous_3)
FNDA:6,(anonymous_4)
FNDA:6,(anonymous_5)
FNDA:3,(anonymous_6)
FNDA:2,(anonymous_7)
FNDA:3,(anonymous_8)
FNDA:2,(anonymous_9)
FNDA:3,(anonymous_10)
FNDA:1,(anonymous_11)
FNDA:1,(anonymous_12)
DA:1,1
DA:2,1
DA:42,1
DA:58,1
DA:63,8
DA:65,8
DA:66,1
DA:68,7
DA:71,8
DA:72,8
DA:76,8
DA:77,2
DA:80,8
DA:82,7
DA:89,1
DA:91,8
DA:97,4
DA:99,4
DA:101,2
DA:103,2
DA:104,2
DA:105,2
DA:109,2
DA:110,0
DA:113,2
DA:115,1
DA:121,1
DA:123,2
DA:129,2
DA:130,2
DA:131,1
DA:133,1
DA:139,6
DA:140,6
DA:142,6
DA:144,4
DA:145,4
DA:147,3
DA:149,3
DA:154,1
DA:155,1
DA:161,2
DA:163,2
DA:165,2
DA:166,2
DA:168,1
DA:169,3
DA:177,1
DA:179,1
DA:180,1
DA:182,2
DA:188,2
DA:189,2
DA:191,1
DA:192,1
DA:197,3
DA:198,3
DA:199,1
DA:205,1
DA:210,1
LF:60
LH:59
BRDA:62,0,0,7
BRDA:65,1,0,1
BRDA:65,1,1,7
BRDA:76,2,0,2
BRDA:76,2,1,6
BRDA:83,3,0,7
BRDA:83,3,1,1
BRDA:86,4,0,7
BRDA:86,4,1,5
BRDA:99,5,0,2
BRDA:99,5,1,2
BRDA:99,6,0,4
BRDA:99,6,1,3
BRDA:109,7,0,0
BRDA:109,7,1,2
BRDA:116,8,0,1
BRDA:116,8,1,0
BRDA:118,9,0,1
BRDA:118,9,1,0
BRDA:142,10,0,2
BRDA:142,10,1,4
BRDA:142,11,0,6
BRDA:142,11,1,5
BRDA:149,12,0,3
BRDA:149,12,1,0
BRDA:172,13,0,3
BRDA:172,13,1,2
BRDA:189,14,0,1
BRDA:189,14,1,1
BRDA:198,15,0,1
BRDA:198,15,1,2
BRF:31
BRH:27
end_of_record
TN:
SF:src\store\useThemeStore.ts
FN:21,(anonymous_1)
FN:25,(anonymous_2)
FN:27,(anonymous_3)
FN:32,(anonymous_4)
FN:36,(anonymous_5)
FN:37,(anonymous_6)
FN:38,(anonymous_7)
FN:38,(anonymous_8)
FNF:8
FNH:8
FNDA:1,(anonymous_1)
FNDA:4,(anonymous_2)
FNDA:4,(anonymous_3)
FNDA:4,(anonymous_4)
FNDA:1,(anonymous_5)
FNDA:20,(anonymous_6)
FNDA:1,(anonymous_7)
FNDA:1,(anonymous_8)
DA:6,1
DA:7,1
DA:8,1
DA:19,1
DA:21,1
DA:25,4
DA:28,4
DA:29,4
DA:32,4
DA:36,1
DA:37,20
DA:38,1
DA:39,1
DA:40,1
LF:14
LH:14
BRDA:29,0,0,2
BRDA:29,0,1,2
BRDA:39,1,0,1
BRDA:39,1,1,0
BRF:4
BRH:3
end_of_record
TN:
SF:src\theme\colors.ts
FNF:0
FNH:0
DA:6,1
DA:66,1
LF:2
LH:2
BRF:0
BRH:0
end_of_record
TN:
SF:src\theme\spacing.ts
FNF:0
FNH:0
DA:6,2
DA:16,2
DA:22,2
DA:27,2
DA:35,2
LF:5
LH:5
BRF:0
BRH:0
end_of_record
TN:
SF:src\theme\typography.ts
FNF:0
FNH:0
DA:5,1
DA:7,1
DA:14,1
DA:23,1
DA:29,1
DA:38,1
LF:6
LH:6
BRF:0
BRH:0
end_of_record
TN:
SF:src\utils\errorMessages.ts
FN:48,formatErrorMessage
FNF:1
FNH:1
FNDA:31,formatErrorMessage
DA:7,1
DA:48,1
DA:50,31
DA:51,31
DA:52,26
DA:53,5
DA:54,1
DA:55,4
DA:56,1
DA:58,3
DA:62,28
DA:63,2
DA:67,26
DA:68,329
DA:69,24
DA:74,2
DA:75,1
DA:79,1
LF:18
LH:18
BRDA:51,0,0,26
BRDA:51,0,1,5
BRDA:53,1,0,1
BRDA:53,1,1,4
BRDA:55,2,0,1
BRDA:55,2,1,3
BRDA:55,3,0,4
BRDA:55,3,1,2
BRDA:55,3,2,1
BRDA:62,4,0,2
BRDA:62,4,1,26
BRDA:62,5,0,28
BRDA:62,5,1,27
BRDA:68,6,0,24
BRDA:68,6,1,305
BRDA:74,7,0,1
BRDA:74,7,1,1
BRF:17
BRH:17
end_of_record
TN:
SF:src\utils\timeFormat.ts
FN:10,formatRelativeTime
FN:38,formatDateTime
FN:54,formatDate
FNF:3
FNH:3
FNDA:9,formatRelativeTime
FNDA:2,formatDateTime
FNDA:4,formatDate
DA:10,1
DA:11,9
DA:12,9
DA:13,9
DA:15,9
DA:16,9
DA:17,9
DA:18,9
DA:20,9
DA:21,1
DA:22,8
DA:23,2
DA:24,6
DA:25,2
DA:26,4
DA:27,2
DA:29,2
DA:38,1
DA:39,2
DA:40,2
DA:41,2
DA:42,2
DA:43,2
DA:44,2
DA:46,2
DA:54,1
DA:55,4
DA:56,4
DA:57,4
DA:58,4
DA:60,4
LF:31
LH:31
BRDA:20,0,0,1
BRDA:20,0,1,8
BRDA:22,1,0,2
BRDA:22,1,1,6
BRDA:24,2,0,2
BRDA:24,2,1,4
BRDA:26,3,0,2
BRDA:26,3,1,2
BRF:8
BRH:8
end_of_record
